BlinkIDDemo/build/outputs/logs/manifest-merger-debug-report.txt
-- Merging decision tree log ---
manifest
ADDED from src/main/AndroidManifest.xml:2:1-40:12
	xmlns:android
		ADDED from src/main/AndroidManifest.xml:2:11-69
	package
		ADDED from src/main/AndroidManifest.xml:3:5-37
		INJECTED from src/main/AndroidManifest.xml
		INJECTED from src/main/AndroidManifest.xml
	android:versionName
		ADDED from src/main/AndroidManifest.xml:5:5-32
	android:versionCode
		ADDED from src/main/AndroidManifest.xml:4:5-28
		INJECTED from src/main/AndroidManifest.xml
		INJECTED from src/main/AndroidManifest.xml
uses-sdk
ADDED from src/main/AndroidManifest.xml:7:5-9:41
MERGED from [com.microblink:blinkid:1.9.0] AndroidManifest.xml:8:5-10:41
MERGED from [com.android.support:support-v4:23.0.1] AndroidManifest.xml:20:5-43
	android:targetSdkVersion
		ADDED from src/main/AndroidManifest.xml:9:9-38
		INJECTED from src/main/AndroidManifest.xml
		INJECTED from src/main/AndroidManifest.xml
	android:minSdkVersion
		ADDED from src/main/AndroidManifest.xml:8:9-35
		INJECTED from src/main/AndroidManifest.xml
		INJECTED from src/main/AndroidManifest.xml
uses-permission#android.permission.CAMERA
ADDED from src/main/AndroidManifest.xml:11:5-65
MERGED from [com.microblink:blinkid:1.9.0] AndroidManifest.xml:19:5-65
	android:name
		ADDED from src/main/AndroidManifest.xml:11:22-62
uses-feature#android.hardware.camera
ADDED from src/main/AndroidManifest.xml:13:5-85
MERGED from [com.microblink:blinkid:1.9.0] AndroidManifest.xml:22:5-60
	android:required
		ADDED from src/main/AndroidManifest.xml:13:58-82
		MERGED from src/main/AndroidManifest.xml:13:58-82
	android:name
		ADDED from src/main/AndroidManifest.xml:13:19-57
uses-feature#android.hardware.camera.autofocus
ADDED from src/main/AndroidManifest.xml:14:5-95
MERGED from [com.microblink:blinkid:1.9.0] AndroidManifest.xml:23:5-25:36
	android:required
		ADDED from src/main/AndroidManifest.xml:14:68-92
	android:name
		ADDED from src/main/AndroidManifest.xml:14:19-67
uses-feature#0x00020000
ADDED from src/main/AndroidManifest.xml:15:5-79
MERGED from [com.microblink:blinkid:1.9.0] AndroidManifest.xml:29:5-32:20
	android:required
		ADDED from src/main/AndroidManifest.xml:15:52-76
	android:glEsVersion
		ADDED from src/main/AndroidManifest.xml:15:19-51
application
ADDED from src/main/AndroidManifest.xml:17:5-38:19
MERGED from [com.microblink:blinkid:1.9.0] AndroidManifest.xml:34:5-54:19
MERGED from [com.android.support:support-v4:23.0.1] AndroidManifest.xml:22:5-20
	android:label
		ADDED from src/main/AndroidManifest.xml:20:9-41
	android:allowBackup
		ADDED from src/main/AndroidManifest.xml:18:9-36
	android:icon
		ADDED from src/main/AndroidManifest.xml:19:9-38
	android:theme
		ADDED from src/main/AndroidManifest.xml:21:9-67
	android:largeHeap
		ADDED from [com.microblink:blinkid:1.9.0] AndroidManifest.xml:34:18-42
activity#com.microblink.blinkid.MenuActivity
ADDED from src/main/AndroidManifest.xml:22:9-33:20
	android:screenOrientation
		ADDED from src/main/AndroidManifest.xml:25:13-47
	android:label
		ADDED from src/main/AndroidManifest.xml:24:13-45
	android:name
		ADDED from src/main/AndroidManifest.xml:23:13-41
intent-filter#android.intent.action.MAIN+android.intent.category.LAUNCHER
ADDED from src/main/AndroidManifest.xml:27:13-32:29
action#android.intent.action.MAIN
ADDED from src/main/AndroidManifest.xml:28:17-69
	android:name
		ADDED from src/main/AndroidManifest.xml:28:25-66
category#android.intent.category.LAUNCHER
ADDED from src/main/AndroidManifest.xml:30:17-77
	android:name
		ADDED from src/main/AndroidManifest.xml:30:27-74
activity#com.microblink.blinkid.result.ResultActivity
ADDED from src/main/AndroidManifest.xml:34:9-37:20
	android:screenOrientation
		ADDED from src/main/AndroidManifest.xml:36:13-47
	android:name
		ADDED from src/main/AndroidManifest.xml:35:13-50
supports-screens
ADDED from [com.microblink:blinkid:1.9.0] AndroidManifest.xml:12:5-17:39
	android:resizeable
		ADDED from [com.microblink:blinkid:1.9.0] AndroidManifest.xml:16:9-34
	android:largeScreens
		ADDED from [com.microblink:blinkid:1.9.0] AndroidManifest.xml:14:9-36
	android:anyDensity
		ADDED from [com.microblink:blinkid:1.9.0] AndroidManifest.xml:13:9-34
	android:normalScreens
		ADDED from [com.microblink:blinkid:1.9.0] AndroidManifest.xml:15:9-37
	android:smallScreens
		ADDED from [com.microblink:blinkid:1.9.0] AndroidManifest.xml:17:9-36
uses-permission#android.permission.FLASHLIGHT
ADDED from [com.microblink:blinkid:1.9.0] AndroidManifest.xml:20:5-69
	android:name
		ADDED from [com.microblink:blinkid:1.9.0] AndroidManifest.xml:20:22-66
uses-feature#android.hardware.camera.flash
ADDED from [com.microblink:blinkid:1.9.0] AndroidManifest.xml:26:5-28:36
	android:required
		ADDED from [com.microblink:blinkid:1.9.0] AndroidManifest.xml:28:9-33
	android:name
		ADDED from [com.microblink:blinkid:1.9.0] AndroidManifest.xml:27:9-53
activity#com.microblink.activity.ScanActivity
ADDED from [com.microblink:blinkid:1.9.0] AndroidManifest.xml:35:9-39:20
	android:screenOrientation
		ADDED from [com.microblink:blinkid:1.9.0] AndroidManifest.xml:38:13-49
	android:configChanges
		ADDED from [com.microblink:blinkid:1.9.0] AndroidManifest.xml:37:13-59
	android:name
		ADDED from [com.microblink:blinkid:1.9.0] AndroidManifest.xml:36:13-64
activity#com.microblink.activity.ScanCard
ADDED from [com.microblink:blinkid:1.9.0] AndroidManifest.xml:40:9-44:20
	android:screenOrientation
		ADDED from [com.microblink:blinkid:1.9.0] AndroidManifest.xml:43:13-49
	android:configChanges
		ADDED from [com.microblink:blinkid:1.9.0] AndroidManifest.xml:42:13-59
	android:name
		ADDED from [com.microblink:blinkid:1.9.0] AndroidManifest.xml:41:13-60
activity#com.microblink.activity.Pdf417ScanActivity
ADDED from [com.microblink:blinkid:1.9.0] AndroidManifest.xml:45:9-49:20
	android:screenOrientation
		ADDED from [com.microblink:blinkid:1.9.0] AndroidManifest.xml:48:13-49
	android:configChanges
		ADDED from [com.microblink:blinkid:1.9.0] AndroidManifest.xml:47:13-59
	android:name
		ADDED from [com.microblink:blinkid:1.9.0] AndroidManifest.xml:46:13-70
activity#com.microblink.activity.BlinkOCRActivity
ADDED from [com.microblink:blinkid:1.9.0] AndroidManifest.xml:50:9-53:52
	android:screenOrientation
		ADDED from [com.microblink:blinkid:1.9.0] AndroidManifest.xml:53:13-49
	android:configChanges
		ADDED from [com.microblink:blinkid:1.9.0] AndroidManifest.xml:52:13-59
	android:name
		ADDED from [com.microblink:blinkid:1.9.0] AndroidManifest.xml:51:13-68